# JRE version: Java(TM) SE Runtime Environment (11.0.1+13) (build 11.0.1+13-LTS)
# Java VM: Java HotSpot(TM) 64-Bit Server VM (11.0.1+13-LTS, mixed mode, tiered, compressed oops, g1 gc, bsd-amd64)
Heap:
 garbage-first heap   total 262144K, used 48075K [0x0000000700000000, 0x0000000800000000)
  region size 1024K, 44 young (45056K), 11 survivors (11264K)
 Metaspace       used 39996K, capacity 41319K, committed 41592K, reserved 1085440K
  class space    used 4893K, capacity 5416K, committed 5504K, reserved 1048576K
GC Heap History (6 events):
Event: 1,154 GC heap before
{Heap before GC invocations=0 (full 0):
 garbage-first heap   total 262144K, used 23552K [0x0000000700000000, 0x0000000800000000)
  region size 1024K, 24 young (24576K), 0 survivors (0K)
 Metaspace       used 12080K, capacity 12310K, committed 12672K, reserved 1060864K
  class space    used 1249K, capacity 1315K, committed 1408K, reserved 1048576K
}
Event: 1,163 GC heap after
{Heap after GC invocations=1 (full 0):
 garbage-first heap   total 262144K, used 3241K [0x0000000700000000, 0x0000000800000000)
  region size 1024K, 3 young (3072K), 3 survivors (3072K)
 Metaspace       used 12080K, capacity 12310K, committed 12672K, reserved 1060864K
  class space    used 1249K, capacity 1315K, committed 1408K, reserved 1048576K
}
Event: 8,522 GC heap before
{Heap before GC invocations=1 (full 0):
 garbage-first heap   total 262144K, used 76969K [0x0000000700000000, 0x0000000800000000)
  region size 1024K, 76 young (77824K), 3 survivors (3072K)
 Metaspace       used 20407K, capacity 20835K, committed 21248K, reserved 1069056K
  class space    used 2188K, capacity 2287K, committed 2304K, reserved 1048576K
}
Event: 8,671 GC heap after
{Heap after GC invocations=2 (full 0):
 garbage-first heap   total 262144K, used 7551K [0x0000000700000000, 0x0000000800000000)
  region size 1024K, 8 young (8192K), 8 survivors (8192K)
 Metaspace       used 20407K, capacity 20835K, committed 21248K, reserved 1069056K
  class space    used 2188K, capacity 2287K, committed 2304K, reserved 1048576K
}
Event: 22,402 GC heap before
{Heap before GC invocations=3 (full 0):
 garbage-first heap   total 262144K, used 56703K [0x0000000700000000, 0x0000000800000000)
  region size 1024K, 57 young (58368K), 8 survivors (8192K)
 Metaspace       used 34304K, capacity 35421K, committed 35584K, reserved 1081344K
  class space    used 4201K, capacity 4595K, committed 4608K, reserved 1048576K
}
Event: 22,525 GC heap after
{Heap after GC invocations=4 (full 0):
 garbage-first heap   total 262144K, used 14283K [0x0000000700000000, 0x0000000800000000)
  region size 1024K, 11 young (11264K), 11 survivors (11264K)
 Metaspace       used 34304K, capacity 35421K, committed 35584K, reserved 1081344K
  class space    used 4201K, capacity 4595K, committed 4608K, reserved 1048576K
}

