# JRE version: Java(TM) SE Runtime Environment (11.0.1+13) (build 11.0.1+13-LTS)
# Java VM: Java HotSpot(TM) 64-Bit Server VM (11.0.1+13-LTS, mixed mode, tiered, compressed oops, g1 gc, bsd-amd64)
Heap:
 garbage-first heap   total 262144K, used 47051K [0x0000000700000000, 0x0000000800000000)
  region size 1024K, 43 young (44032K), 11 survivors (11264K)
 Metaspace       used 39941K, capacity 41249K, committed 41600K, reserved 1085440K
  class space    used 4883K, capacity 5414K, committed 5504K, reserved 1048576K
GC Heap History (6 events):
Event: 6,527 GC heap before
{Heap before GC invocations=0 (full 0):
 garbage-first heap   total 262144K, used 23552K [0x0000000700000000, 0x0000000800000000)
  region size 1024K, 24 young (24576K), 0 survivors (0K)
 Metaspace       used 12082K, capacity 12310K, committed 12672K, reserved 1060864K
  class space    used 1249K, capacity 1315K, committed 1408K, reserved 1048576K
}
Event: 6,554 GC heap after
{Heap after GC invocations=1 (full 0):
 garbage-first heap   total 262144K, used 3246K [0x0000000700000000, 0x0000000800000000)
  region size 1024K, 3 young (3072K), 3 survivors (3072K)
 Metaspace       used 12082K, capacity 12310K, committed 12672K, reserved 1060864K
  class space    used 1249K, capacity 1315K, committed 1408K, reserved 1048576K
}
Event: 14,602 GC heap before
{Heap before GC invocations=1 (full 0):
 garbage-first heap   total 262144K, used 76974K [0x0000000700000000, 0x0000000800000000)
  region size 1024K, 76 young (77824K), 3 survivors (3072K)
 Metaspace       used 20402K, capacity 20835K, committed 21248K, reserved 1069056K
  class space    used 2188K, capacity 2287K, committed 2304K, reserved 1048576K
}
Event: 14,688 GC heap after
{Heap after GC invocations=2 (full 0):
 garbage-first heap   total 262144K, used 7699K [0x0000000700000000, 0x0000000800000000)
  region size 1024K, 8 young (8192K), 8 survivors (8192K)
 Metaspace       used 20402K, capacity 20835K, committed 21248K, reserved 1069056K
  class space    used 2188K, capacity 2287K, committed 2304K, reserved 1048576K
}
Event: 27,910 GC heap before
{Heap before GC invocations=3 (full 0):
 garbage-first heap   total 262144K, used 55827K [0x0000000700000000, 0x0000000800000000)
  region size 1024K, 56 young (57344K), 8 survivors (8192K)
 Metaspace       used 34425K, capacity 35473K, committed 35584K, reserved 1081344K
  class space    used 4206K, capacity 4591K, committed 4608K, reserved 1048576K
}
Event: 27,989 GC heap after
{Heap after GC invocations=4 (full 0):
 garbage-first heap   total 262144K, used 14283K [0x0000000700000000, 0x0000000800000000)
  region size 1024K, 11 young (11264K), 11 survivors (11264K)
 Metaspace       used 34425K, capacity 35473K, committed 35584K, reserved 1081344K
  class space    used 4206K, capacity 4591K, committed 4608K, reserved 1048576K
}

